<?xml version="1.0" encoding="UTF-8" ?>
<testsuite tests="4" failures="0" name="tests.UserFillTest" time="26.204" errors="0" skipped="0">
  <properties>
[...]
</properties>
  <testcase classname="tests.UserFillTest" name="testAddSomeInfo{contact=5599999999999, type=Phone, message=Your contact has been added!}" time="4.64"/>
  <testcase classname="tests.UserFillTest" name="testAddSomeInfo{contact=5599999999999, type=Phone, message=Your contact has been added!}" time="3.914"/>
  <testcase classname="tests.UserFillTest" name="testAddSomeInfo{contact=5599999999999, type=Phone, message=Your contact has been added!}" time="5.135"/>
  <testcase classname="tests.UserFillTest" name="removeSomeInfo" time="12.515"/>
</testsuite>